<?xml version="1.0" encoding="UTF-8"?>
<!-- Generated by org.testng.reporters.JUnitReportReporter -->
<testsuite skipped="0" hostname="DESKTOP-QUHE408" name="testNGPack.Priorites" tests="6" failures="0" timestamp="2021-01-22T10:40:54 IST" time="0.046" errors="0">
  <testcase name="d" time="0.005" classname="testNGPack.Priorites"/>
  <system-out>
Hi I am method D  </system-out>
  <testcase name="b" time="0.023" classname="testNGPack.Priorites"/>
  <system-out>
Hi I am method B  </system-out>
  <testcase name="c" time="0.006" classname="testNGPack.Priorites"/>
  <system-out>
Hi I am method C  </system-out>
  <testcase name="f" time="0.004" classname="testNGPack.Priorites"/>
  <system-out>
Hi I am method F  </system-out>
  <testcase name="a" time="0.003" classname="testNGPack.Priorites"/>
  <system-out>
Hi I am method A  </system-out>
  <testcase name="e" time="0.005" classname="testNGPack.Priorites"/>
  <system-out>
Hi I am method E  </system-out>
</testsuite> <!-- testNGPack.Priorites -->
