<?xml version="1.0" encoding="UTF-8"?>
<!-- Generated by org.testng.reporters.JUnitReportReporter -->
<testsuite skipped="0" hostname="DESKTOP-QUHE408" name="testNGPack.TestNGClass3" tests="3" failures="0" timestamp="2021-01-24T11:20:55 IST" time="0.029" errors="0">
  <testcase name="login" time="0.023" classname="testNGPack.TestNGClass3"/>
  <system-out>
login successful  </system-out>
  <testcase name="homePage" time="0.003" classname="testNGPack.TestNGClass3"/>
  <system-out>
Home page  </system-out>
  <testcase name="logout" time="0.003" classname="testNGPack.TestNGClass3"/>
  <system-out>
logout successful  </system-out>
</testsuite> <!-- testNGPack.TestNGClass3 -->
