<?xml version="1.0" encoding="UTF-8"?>
<!-- Generated by org.testng.reporters.JUnitReportReporter -->
<testsuite skipped="0" hostname="DESKTOP-QUHE408" name="parellelExecution.ActiTimeTest" tests="2" failures="0" timestamp="2021-01-25T12:01:53 IST" time="44.231" errors="0">
  <testcase name="createUser" time="21.295" classname="parellelExecution.ActiTimeTest"/>
  <system-out/>
  <testcase name="createReport" time="22.936" classname="parellelExecution.ActiTimeTest"/>
  <system-out/>
</testsuite> <!-- parellelExecution.ActiTimeTest -->
