<?xml version="1.0" encoding="UTF-8"?>
<!-- Generated by org.testng.reporters.JUnitReportReporter -->
<testsuite skipped="0" hostname="DESKTOP-QUHE408" name="TestNG.Demo" tests="2" failures="0" timestamp="2021-01-15T12:22:29 IST" time="0.027" errors="0">
  <testcase name="gun" time="0.019" classname="TestNG.Demo"/>
  <system-out>
Hi i am from gun method from demo class  </system-out>
  <testcase name="run" time="0.008" classname="TestNG.Demo"/>
  <system-out>
Hi i am from run method from demo class  </system-out>
</testsuite> <!-- TestNG.Demo -->
