<?xml version="1.0" encoding="UTF-8"?>
<!-- Generated by org.testng.reporters.JUnitReportReporter -->
<testsuite skipped="0" hostname="DESKTOP-QUHE408" name="TestNG.Remo" tests="1" failures="0" timestamp="2021-01-15T12:22:29 IST" time="0.007" errors="0">
  <testcase name="sun" time="0.007" classname="TestNG.Remo"/>
  <system-out>
Hi i am sun from remo  </system-out>
</testsuite> <!-- TestNG.Remo -->
