<?xml version="1.0" encoding="UTF-8"?>
<!-- Generated by org.testng.reporters.JUnitReportReporter -->
<testsuite skipped="0" hostname="DESKTOP-QUHE408" name="testNGPack.TestNGClass2" tests="3" failures="0" timestamp="2021-01-22T09:50:15 IST" time="0.024" errors="0">
  <testcase name="login" time="0.020" classname="testNGPack.TestNGClass2"/>
  <system-out>
Login Successful  </system-out>
  <testcase name="homepage" time="0.002" classname="testNGPack.TestNGClass2"/>
  <system-out>
Home Page  </system-out>
  <testcase name="logout" time="0.002" classname="testNGPack.TestNGClass2"/>
  <system-out>
Logout Successful  </system-out>
</testsuite> <!-- testNGPack.TestNGClass2 -->
