<?xml version="1.0" encoding="UTF-8"?>
<!-- Generated by org.testng.reporters.JUnitReportReporter -->
<testsuite skipped="0" hostname="DESKTOP-QUHE408" name="testNGPack.TestNGClass1" tests="6" failures="0" timestamp="2021-01-24T11:19:37 IST" time="0.044" errors="0">
  <testcase name="a" time="0.002" classname="testNGPack.TestNGClass1"/>
  <system-out>
Hi i am method  A  </system-out>
  <testcase name="a" time="0.003" classname="testNGPack.TestNGClass1"/>
  <system-out>
Hi i am method  A  </system-out>
  <testcase name="b" time="0.002" classname="testNGPack.TestNGClass1"/>
  <system-out>
Hi i am method B  </system-out>
  <testcase name="a" time="0.029" classname="testNGPack.TestNGClass1"/>
  <system-out>
Hi i am method  A  </system-out>
  <testcase name="c" time="0.002" classname="testNGPack.TestNGClass1"/>
  <system-out>
Hi i am method C  </system-out>
  <testcase name="a" time="0.006" classname="testNGPack.TestNGClass1"/>
  <system-out>
Hi i am method  A  </system-out>
</testsuite> <!-- testNGPack.TestNGClass1 -->
