<?xml version="1.0" encoding="UTF-8"?>
<!-- Generated by org.testng.reporters.JUnitReportReporter -->
<testsuite skipped="0" hostname="DESKTOP-QUHE408" name="TestNG.actiTime" tests="3" failures="0" timestamp="2021-01-27T10:21:35 IST" time="145.300" errors="0">
  <testcase name="f" time="71.386" classname="TestNG.actiTime"/>
  <system-out/>
  <testcase name="f" time="36.109" classname="TestNG.actiTime"/>
  <system-out/>
  <testcase name="f" time="37.805" classname="TestNG.actiTime"/>
  <system-out/>
</testsuite> <!-- TestNG.actiTime -->
