<?xml version="1.0" encoding="UTF-8"?>
<!-- Generated by org.testng.reporters.JUnitReportReporter -->
<testsuite skipped="0" hostname="DESKTOP-QUHE408" name="TestNG.Sumo" tests="1" failures="0" timestamp="2021-01-15T12:22:29 IST" time="0.004" errors="0">
  <testcase name="fun" time="0.004" classname="TestNG.Sumo"/>
  <system-out>
Hi am from fun from sumo  </system-out>
</testsuite> <!-- TestNG.Sumo -->
